<?xml version="1.0" encoding="UTF-8"?>
<!-- Generated by org.testng.reporters.JUnitReportReporter -->
<testsuite hostname="MSIPraveen" failures="0" tests="1" name="Runner1.LoginRunner" time="8.789" errors="0" timestamp="2024-03-12T13:16:21 IST" skipped="0">
  <testcase classname="Runner1.LoginRunner" name="runScenario" time="8.789"/>
  <system-out/>
</testsuite> <!-- Runner1.LoginRunner -->
